2022-06-24 10:11:09.984  INFO 21708 --- [main] com.javademo.account.AccountApplication  : Starting AccountApplication using Java 1.8.0_241 on 105248-005L with PID 21708 (D:\Dilan\Microservices\bank-details-service\target\classes started by Dilan_105248 in D:\Dilan\Microservices\bank-details-service)
2022-06-24 10:11:10.001  INFO 21708 --- [main] com.javademo.account.AccountApplication  : No active profile set, falling back to 1 default profile: "default"
2022-06-24 10:11:10.667  INFO 21708 --- [main] .s.d.r.c.RepositoryConfigurationDelegate : Bootstrapping Spring Data JPA repositories in DEFAULT mode.
2022-06-24 10:11:10.736  INFO 21708 --- [main] .s.d.r.c.RepositoryConfigurationDelegate : Finished Spring Data repository scanning in 54 ms. Found 3 JPA repository interfaces.
2022-06-24 10:11:11.211  INFO 21708 --- [main] o.s.b.w.embedded.tomcat.TomcatWebServer  : Tomcat initialized with port(s): 8099 (http)
2022-06-24 10:11:11.222  INFO 21708 --- [main] o.apache.catalina.core.StandardService   : Starting service [Tomcat]
2022-06-24 10:11:11.223  INFO 21708 --- [main] org.apache.catalina.core.StandardEngine  : Starting Servlet engine: [Apache Tomcat/9.0.63]
2022-06-24 10:11:11.400  INFO 21708 --- [main] o.a.c.c.C.[Tomcat].[localhost].[/]       : Initializing Spring embedded WebApplicationContext
2022-06-24 10:11:11.401  INFO 21708 --- [main] w.s.c.ServletWebServerApplicationContext : Root WebApplicationContext: initialization completed in 1337 ms
2022-06-24 10:11:11.448  WARN 21708 --- [main] ConfigServletWebServerApplicationContext : Exception encountered during context initialization - cancelling refresh attempt: org.springframework.beans.factory.UnsatisfiedDependencyException: Error creating bean with name 'dataSourceScriptDatabaseInitializer' defined in class path resource [org/springframework/boot/autoconfigure/sql/init/DataSourceInitializationConfiguration.class]: Unsatisfied dependency expressed through method 'dataSourceScriptDatabaseInitializer' parameter 0; nested exception is org.springframework.beans.factory.BeanCreationException: Error creating bean with name 'dataSource' defined in class path resource [org/springframework/boot/autoconfigure/jdbc/DataSourceConfiguration$Hikari.class]: Bean instantiation via factory method failed; nested exception is org.springframework.beans.BeanInstantiationException: Failed to instantiate [com.zaxxer.hikari.HikariDataSource]: Factory method 'dataSource' threw exception; nested exception is org.springframework.boot.autoconfigure.jdbc.DataSourceProperties$DataSourceBeanCreationException: Failed to determine a suitable driver class
2022-06-24 10:11:11.450  INFO 21708 --- [main] o.apache.catalina.core.StandardService   : Stopping service [Tomcat]
2022-06-24 10:11:11.461  INFO 21708 --- [main] ConditionEvaluationReportLoggingListener : 

Error starting ApplicationContext. To display the conditions report re-run your application with 'debug' enabled.
2022-06-24 10:11:11.486 ERROR 21708 --- [main] o.s.b.d.LoggingFailureAnalysisReporter   : 

***************************
APPLICATION FAILED TO START
***************************

Description:

Failed to configure a DataSource: 'url' attribute is not specified and no embedded datasource could be configured.

Reason: Failed to determine a suitable driver class


Action:

Consider the following:
	If you want an embedded database (H2, HSQL or Derby), please put it on the classpath.
	If you have database settings to be loaded from a particular profile you may need to activate it (no profiles are currently active).

2022-06-24 10:22:15.304  INFO 5272 --- [main] com.javademo.account.AccountApplication  : Starting AccountApplication using Java 1.8.0_241 on 105248-005L with PID 5272 (D:\Dilan\Microservices\bank-details-service\target\classes started by Dilan_105248 in D:\Dilan\Microservices\bank-details-service)
2022-06-24 10:22:15.306  INFO 5272 --- [main] com.javademo.account.AccountApplication  : No active profile set, falling back to 1 default profile: "default"
2022-06-24 10:22:15.870  INFO 5272 --- [main] o.s.b.w.embedded.tomcat.TomcatWebServer  : Tomcat initialized with port(s): 8099 (http)
2022-06-24 10:22:15.876  INFO 5272 --- [main] o.apache.catalina.core.StandardService   : Starting service [Tomcat]
2022-06-24 10:22:15.876  INFO 5272 --- [main] org.apache.catalina.core.StandardEngine  : Starting Servlet engine: [Apache Tomcat/9.0.63]
2022-06-24 10:22:15.991  INFO 5272 --- [main] o.a.c.c.C.[Tomcat].[localhost].[/]       : Initializing Spring embedded WebApplicationContext
2022-06-24 10:22:15.992  INFO 5272 --- [main] w.s.c.ServletWebServerApplicationContext : Root WebApplicationContext: initialization completed in 659 ms
2022-06-24 10:22:16.024  WARN 5272 --- [main] ConfigServletWebServerApplicationContext : Exception encountered during context initialization - cancelling refresh attempt: org.springframework.beans.factory.UnsatisfiedDependencyException: Error creating bean with name 'accountController': Unsatisfied dependency expressed through field 'customerService'; nested exception is org.springframework.beans.factory.NoSuchBeanDefinitionException: No qualifying bean of type 'com.javademo.account.service.CustomerService' available: expected at least 1 bean which qualifies as autowire candidate. Dependency annotations: {@org.springframework.beans.factory.annotation.Autowired(required=true)}
2022-06-24 10:22:16.027  INFO 5272 --- [main] o.apache.catalina.core.StandardService   : Stopping service [Tomcat]
2022-06-24 10:22:16.035  INFO 5272 --- [main] ConditionEvaluationReportLoggingListener : 

Error starting ApplicationContext. To display the conditions report re-run your application with 'debug' enabled.
2022-06-24 10:22:16.051 ERROR 5272 --- [main] o.s.b.d.LoggingFailureAnalysisReporter   : 

***************************
APPLICATION FAILED TO START
***************************

Description:

Field customerService in com.javademo.account.controller.AccountController required a bean of type 'com.javademo.account.service.CustomerService' that could not be found.

The injection point has the following annotations:
	- @org.springframework.beans.factory.annotation.Autowired(required=true)


Action:

Consider defining a bean of type 'com.javademo.account.service.CustomerService' in your configuration.

2022-06-24 10:22:53.909  INFO 21016 --- [main] com.javademo.account.AccountApplication  : Starting AccountApplication using Java 1.8.0_241 on 105248-005L with PID 21016 (D:\Dilan\Microservices\bank-details-service\target\classes started by Dilan_105248 in D:\Dilan\Microservices\bank-details-service)
2022-06-24 10:22:53.911  INFO 21016 --- [main] com.javademo.account.AccountApplication  : No active profile set, falling back to 1 default profile: "default"
2022-06-24 10:22:54.561  INFO 21016 --- [main] o.s.b.w.embedded.tomcat.TomcatWebServer  : Tomcat initialized with port(s): 8099 (http)
2022-06-24 10:22:54.566  INFO 21016 --- [main] o.apache.catalina.core.StandardService   : Starting service [Tomcat]
2022-06-24 10:22:54.567  INFO 21016 --- [main] org.apache.catalina.core.StandardEngine  : Starting Servlet engine: [Apache Tomcat/9.0.63]
2022-06-24 10:22:54.682  INFO 21016 --- [main] o.a.c.c.C.[Tomcat].[localhost].[/]       : Initializing Spring embedded WebApplicationContext
2022-06-24 10:22:54.682  INFO 21016 --- [main] w.s.c.ServletWebServerApplicationContext : Root WebApplicationContext: initialization completed in 739 ms
2022-06-24 10:22:54.985  INFO 21016 --- [main] o.s.b.w.embedded.tomcat.TomcatWebServer  : Tomcat started on port(s): 8099 (http) with context path ''
2022-06-24 10:22:54.995  INFO 21016 --- [main] com.javademo.account.AccountApplication  : Started AccountApplication in 1.344 seconds (JVM running for 2.473)
2022-06-24 10:23:29.982  INFO 21016 --- [http-nio-8099-exec-1] o.a.c.c.C.[Tomcat].[localhost].[/]       : Initializing Spring DispatcherServlet 'dispatcherServlet'
2022-06-24 10:23:29.982  INFO 21016 --- [http-nio-8099-exec-1] o.s.web.servlet.DispatcherServlet        : Initializing Servlet 'dispatcherServlet'
2022-06-24 10:23:29.983  INFO 21016 --- [http-nio-8099-exec-1] o.s.web.servlet.DispatcherServlet        : Completed initialization in 1 ms
2022-06-24 10:23:30.085  INFO 21016 --- [http-nio-8099-exec-1] c.j.a.controller.AccountController       : start fetching account profile details in Account Controller for customer ID : 3
2022-06-24 10:23:30.086  INFO 21016 --- [http-nio-8099-exec-1] c.j.a.service.impl.CustomerServiceImpl   : start fetching account profile details for customer ID : 3
2022-06-24 10:23:30.103  INFO 21016 --- [http-nio-8099-exec-1] c.j.a.service.impl.CustomerServiceImpl   : end fetching account profile details for customer ID : 3
2022-06-24 10:23:30.104  INFO 21016 --- [http-nio-8099-exec-1] c.j.a.controller.AccountController       : end fetching account profile details in Account Controller for customer ID : 3
2022-06-24 10:23:56.539  INFO 21016 --- [http-nio-8099-exec-2] c.j.a.controller.CustomerController      : start fetching Customer profile details in CustomerController for customer ID : 3
2022-06-24 10:23:56.540  INFO 21016 --- [http-nio-8099-exec-2] c.j.a.service.impl.CustomerServiceImpl   : start fetching customer profile details for customer ID : 3
2022-06-24 10:23:56.543  INFO 21016 --- [http-nio-8099-exec-2] c.j.a.service.impl.CustomerServiceImpl   : end fetching customer profile details for customer ID : 3
2022-06-24 10:23:56.544  INFO 21016 --- [http-nio-8099-exec-2] c.j.a.controller.CustomerController      : end fetching Customer profile details in CustomerController for customer ID : 3
2022-06-24 10:24:03.956  INFO 21016 --- [http-nio-8099-exec-3] c.j.a.controller.CustomerController      : start fetching Customer profile details in CustomerController for customer ID : 2
2022-06-24 10:24:03.956  INFO 21016 --- [http-nio-8099-exec-3] c.j.a.service.impl.CustomerServiceImpl   : start fetching customer profile details for customer ID : 2
2022-06-24 10:24:03.956  INFO 21016 --- [http-nio-8099-exec-3] c.j.a.service.impl.CustomerServiceImpl   : end fetching customer profile details for customer ID : 2
2022-06-24 10:24:03.956  INFO 21016 --- [http-nio-8099-exec-3] c.j.a.controller.CustomerController      : end fetching Customer profile details in CustomerController for customer ID : 2
2022-06-24 10:24:06.240  INFO 21016 --- [http-nio-8099-exec-4] c.j.a.controller.CustomerController      : start fetching Customer profile details in CustomerController for customer ID : 2
2022-06-24 10:24:06.241  INFO 21016 --- [http-nio-8099-exec-4] c.j.a.service.impl.CustomerServiceImpl   : start fetching customer profile details for customer ID : 2
2022-06-24 10:24:06.241  INFO 21016 --- [http-nio-8099-exec-4] c.j.a.service.impl.CustomerServiceImpl   : end fetching customer profile details for customer ID : 2
2022-06-24 10:24:06.241  INFO 21016 --- [http-nio-8099-exec-4] c.j.a.controller.CustomerController      : end fetching Customer profile details in CustomerController for customer ID : 2
2022-06-24 10:24:13.934  INFO 21016 --- [http-nio-8099-exec-5] c.j.a.controller.CustomerController      : start fetching Customer profile details in CustomerController for customer ID : 1
2022-06-24 10:24:13.934  INFO 21016 --- [http-nio-8099-exec-5] c.j.a.service.impl.CustomerServiceImpl   : start fetching customer profile details for customer ID : 1
2022-06-24 10:24:13.935  INFO 21016 --- [http-nio-8099-exec-5] c.j.a.service.impl.CustomerServiceImpl   : end fetching customer profile details for customer ID : 1
2022-06-24 10:24:13.935  INFO 21016 --- [http-nio-8099-exec-5] c.j.a.controller.CustomerController      : end fetching Customer profile details in CustomerController for customer ID : 1
2022-06-24 10:24:19.844  INFO 21016 --- [http-nio-8099-exec-6] c.j.a.controller.AccountController       : start fetching account profile details in Account Controller for customer ID : 3
2022-06-24 10:24:19.844  INFO 21016 --- [http-nio-8099-exec-6] c.j.a.service.impl.CustomerServiceImpl   : start fetching account profile details for customer ID : 3
2022-06-24 10:24:19.845  INFO 21016 --- [http-nio-8099-exec-6] c.j.a.service.impl.CustomerServiceImpl   : end fetching account profile details for customer ID : 3
2022-06-24 10:24:19.846  INFO 21016 --- [http-nio-8099-exec-6] c.j.a.controller.AccountController       : end fetching account profile details in Account Controller for customer ID : 3
2022-06-24 10:24:25.496  INFO 21016 --- [RMI TCP Connection(2)-127.0.0.1] inMXBeanRegistrar$SpringApplicationAdmin : Application shutdown requested.
2022-06-24 10:27:30.786  INFO 22240 --- [main] com.javademo.account.AccountApplication  : Starting AccountApplication using Java 1.8.0_241 on 105248-005L with PID 22240 (D:\Dilan\Microservices\bank-details-service\target\classes started by Dilan_105248 in D:\Dilan\Microservices\bank-details-service)
2022-06-24 10:27:30.788  INFO 22240 --- [main] com.javademo.account.AccountApplication  : No active profile set, falling back to 1 default profile: "default"
2022-06-24 10:27:31.391  INFO 22240 --- [main] o.s.b.w.embedded.tomcat.TomcatWebServer  : Tomcat initialized with port(s): 8099 (http)
2022-06-24 10:27:31.396  INFO 22240 --- [main] o.apache.catalina.core.StandardService   : Starting service [Tomcat]
2022-06-24 10:27:31.397  INFO 22240 --- [main] org.apache.catalina.core.StandardEngine  : Starting Servlet engine: [Apache Tomcat/9.0.63]
2022-06-24 10:27:31.509  INFO 22240 --- [main] o.a.c.c.C.[Tomcat].[localhost].[/]       : Initializing Spring embedded WebApplicationContext
2022-06-24 10:27:31.510  INFO 22240 --- [main] w.s.c.ServletWebServerApplicationContext : Root WebApplicationContext: initialization completed in 693 ms
2022-06-24 10:27:31.741  INFO 22240 --- [main] o.s.b.w.embedded.tomcat.TomcatWebServer  : Tomcat started on port(s): 8099 (http) with context path ''
2022-06-24 10:27:31.750  INFO 22240 --- [main] com.javademo.account.AccountApplication  : Started AccountApplication in 1.206 seconds (JVM running for 2.326)
2022-06-24 10:27:42.769  INFO 22240 --- [http-nio-8099-exec-1] o.a.c.c.C.[Tomcat].[localhost].[/]       : Initializing Spring DispatcherServlet 'dispatcherServlet'
2022-06-24 10:27:42.770  INFO 22240 --- [http-nio-8099-exec-1] o.s.web.servlet.DispatcherServlet        : Initializing Servlet 'dispatcherServlet'
2022-06-24 10:27:42.771  INFO 22240 --- [http-nio-8099-exec-1] o.s.web.servlet.DispatcherServlet        : Completed initialization in 1 ms
2022-06-24 10:27:42.889  INFO 22240 --- [http-nio-8099-exec-1] c.j.a.controller.AccountController       : start fetching account profile details in Account Controller for customer ID : 3
2022-06-24 10:27:42.889  INFO 22240 --- [http-nio-8099-exec-1] c.j.a.service.impl.CustomerServiceImpl   : start fetching account profile details for customer ID : 3
2022-06-24 10:27:42.902  INFO 22240 --- [http-nio-8099-exec-1] c.j.a.service.impl.CustomerServiceImpl   : end fetching account profile details for customer ID : 3
2022-06-24 10:27:42.903  INFO 22240 --- [http-nio-8099-exec-1] c.j.a.controller.AccountController       : end fetching account profile details in Account Controller for customer ID : 3
2022-06-24 10:27:48.352  INFO 22240 --- [http-nio-8099-exec-2] c.j.a.controller.AccountController       : start fetching account profile details in Account Controller for customer ID : 3
2022-06-24 10:27:48.352  INFO 22240 --- [http-nio-8099-exec-2] c.j.a.service.impl.CustomerServiceImpl   : start fetching account profile details for customer ID : 3
2022-06-24 10:27:48.353  INFO 22240 --- [http-nio-8099-exec-2] c.j.a.service.impl.CustomerServiceImpl   : end fetching account profile details for customer ID : 3
2022-06-24 10:27:48.353  INFO 22240 --- [http-nio-8099-exec-2] c.j.a.controller.AccountController       : end fetching account profile details in Account Controller for customer ID : 3
2022-06-24 10:27:51.973  INFO 22240 --- [http-nio-8099-exec-3] c.j.a.controller.CustomerController      : start fetching Customer profile details in CustomerController for customer ID : 1
2022-06-24 10:27:51.974  INFO 22240 --- [http-nio-8099-exec-3] c.j.a.service.impl.CustomerServiceImpl   : start fetching customer profile details for customer ID : 1
2022-06-24 10:27:51.979  INFO 22240 --- [http-nio-8099-exec-3] c.j.a.service.impl.CustomerServiceImpl   : end fetching customer profile details for customer ID : 1
2022-06-24 10:27:51.979  INFO 22240 --- [http-nio-8099-exec-3] c.j.a.controller.CustomerController      : end fetching Customer profile details in CustomerController for customer ID : 1
2022-06-24 10:28:11.876  INFO 22240 --- [RMI TCP Connection(2)-127.0.0.1] inMXBeanRegistrar$SpringApplicationAdmin : Application shutdown requested.
2022-06-24 10:28:21.042  INFO 17320 --- [main] com.javademo.account.AccountApplication  : Starting AccountApplication using Java 1.8.0_241 on 105248-005L with PID 17320 (D:\Dilan\Microservices\bank-details-service\target\classes started by Dilan_105248 in D:\Dilan\Microservices\bank-details-service)
2022-06-24 10:28:21.044  INFO 17320 --- [main] com.javademo.account.AccountApplication  : No active profile set, falling back to 1 default profile: "default"
2022-06-24 10:28:21.631  INFO 17320 --- [main] o.s.b.w.embedded.tomcat.TomcatWebServer  : Tomcat initialized with port(s): 8099 (http)
2022-06-24 10:28:21.636  INFO 17320 --- [main] o.apache.catalina.core.StandardService   : Starting service [Tomcat]
2022-06-24 10:28:21.637  INFO 17320 --- [main] org.apache.catalina.core.StandardEngine  : Starting Servlet engine: [Apache Tomcat/9.0.63]
2022-06-24 10:28:21.752  INFO 17320 --- [main] o.a.c.c.C.[Tomcat].[localhost].[/]       : Initializing Spring embedded WebApplicationContext
2022-06-24 10:28:21.752  INFO 17320 --- [main] w.s.c.ServletWebServerApplicationContext : Root WebApplicationContext: initialization completed in 681 ms
2022-06-24 10:28:21.976  INFO 17320 --- [main] o.s.b.w.embedded.tomcat.TomcatWebServer  : Tomcat started on port(s): 8099 (http) with context path ''
2022-06-24 10:28:21.985  INFO 17320 --- [main] com.javademo.account.AccountApplication  : Started AccountApplication in 1.183 seconds (JVM running for 2.326)
2022-06-24 10:28:29.197  INFO 17320 --- [http-nio-8099-exec-1] o.a.c.c.C.[Tomcat].[localhost].[/]       : Initializing Spring DispatcherServlet 'dispatcherServlet'
2022-06-24 10:28:29.198  INFO 17320 --- [http-nio-8099-exec-1] o.s.web.servlet.DispatcherServlet        : Initializing Servlet 'dispatcherServlet'
2022-06-24 10:28:29.199  INFO 17320 --- [http-nio-8099-exec-1] o.s.web.servlet.DispatcherServlet        : Completed initialization in 1 ms
2022-06-24 10:28:29.265  INFO 17320 --- [http-nio-8099-exec-1] c.j.a.controller.CustomerController      : start fetching Customer profile details in CustomerController for customer ID : 1
2022-06-24 10:28:29.267  INFO 17320 --- [http-nio-8099-exec-1] c.j.a.service.impl.CustomerServiceImpl   : start fetching customer profile details for customer ID : 1
2022-06-24 10:28:29.268 ERROR 17320 --- [http-nio-8099-exec-1] c.j.a.controller.CustomerController      : Exception in get customer profile controller null
2022-06-24 10:28:32.156  INFO 17320 --- [http-nio-8099-exec-2] c.j.a.controller.AccountController       : start fetching account profile details in Account Controller for customer ID : 3
2022-06-24 10:28:32.157  INFO 17320 --- [http-nio-8099-exec-2] c.j.a.service.impl.CustomerServiceImpl   : start fetching account profile details for customer ID : 3
2022-06-24 10:28:32.157 ERROR 17320 --- [http-nio-8099-exec-2] c.j.a.controller.AccountController       : Exception in get acoount details controller null
2022-06-24 10:28:36.791  INFO 17320 --- [http-nio-8099-exec-3] c.j.a.controller.AccountController       : start fetching account profile details in Account Controller for customer ID : 2
2022-06-24 10:28:36.791  INFO 17320 --- [http-nio-8099-exec-3] c.j.a.service.impl.CustomerServiceImpl   : start fetching account profile details for customer ID : 2
2022-06-24 10:28:36.803  INFO 17320 --- [http-nio-8099-exec-3] c.j.a.service.impl.CustomerServiceImpl   : end fetching account profile details for customer ID : 2
2022-06-24 10:28:36.804  INFO 17320 --- [http-nio-8099-exec-3] c.j.a.controller.AccountController       : end fetching account profile details in Account Controller for customer ID : 2
2022-06-24 10:28:41.962  INFO 17320 --- [http-nio-8099-exec-4] c.j.a.controller.CustomerController      : start fetching Customer profile details in CustomerController for customer ID : 2
2022-06-24 10:28:41.963  INFO 17320 --- [http-nio-8099-exec-4] c.j.a.service.impl.CustomerServiceImpl   : start fetching customer profile details for customer ID : 2
2022-06-24 10:28:41.967  INFO 17320 --- [http-nio-8099-exec-4] c.j.a.service.impl.CustomerServiceImpl   : end fetching customer profile details for customer ID : 2
2022-06-24 10:28:41.968  INFO 17320 --- [http-nio-8099-exec-4] c.j.a.controller.CustomerController      : end fetching Customer profile details in CustomerController for customer ID : 2
2022-06-24 11:07:34.259  INFO 17320 --- [RMI TCP Connection(2)-127.0.0.1] inMXBeanRegistrar$SpringApplicationAdmin : Application shutdown requested.
2022-06-24 11:07:43.017  INFO 24368 --- [main] com.javademo.account.AccountApplication  : Starting AccountApplication using Java 1.8.0_241 on 105248-005L with PID 24368 (D:\Dilan\Microservices\bank-details-service\target\classes started by Dilan_105248 in D:\Dilan\Microservices\bank-details-service)
2022-06-24 11:07:43.019  INFO 24368 --- [main] com.javademo.account.AccountApplication  : No active profile set, falling back to 1 default profile: "default"
2022-06-24 11:07:43.717  INFO 24368 --- [main] o.s.b.w.embedded.tomcat.TomcatWebServer  : Tomcat initialized with port(s): 8099 (http)
2022-06-24 11:07:43.726  INFO 24368 --- [main] o.apache.catalina.core.StandardService   : Starting service [Tomcat]
2022-06-24 11:07:43.726  INFO 24368 --- [main] org.apache.catalina.core.StandardEngine  : Starting Servlet engine: [Apache Tomcat/9.0.63]
2022-06-24 11:07:43.881  INFO 24368 --- [main] o.a.c.c.C.[Tomcat].[localhost].[/]       : Initializing Spring embedded WebApplicationContext
2022-06-24 11:07:43.882  INFO 24368 --- [main] w.s.c.ServletWebServerApplicationContext : Root WebApplicationContext: initialization completed in 834 ms
2022-06-24 11:07:44.140  INFO 24368 --- [main] o.s.b.w.embedded.tomcat.TomcatWebServer  : Tomcat started on port(s): 8099 (http) with context path ''
2022-06-24 11:07:44.148  INFO 24368 --- [main] com.javademo.account.AccountApplication  : Started AccountApplication in 1.377 seconds (JVM running for 2.496)
2022-06-24 11:07:51.267  INFO 24368 --- [http-nio-8099-exec-1] o.a.c.c.C.[Tomcat].[localhost].[/]       : Initializing Spring DispatcherServlet 'dispatcherServlet'
2022-06-24 11:07:51.268  INFO 24368 --- [http-nio-8099-exec-1] o.s.web.servlet.DispatcherServlet        : Initializing Servlet 'dispatcherServlet'
2022-06-24 11:07:51.269  INFO 24368 --- [http-nio-8099-exec-1] o.s.web.servlet.DispatcherServlet        : Completed initialization in 1 ms
2022-06-24 11:07:51.338  INFO 24368 --- [http-nio-8099-exec-1] c.j.a.controller.CustomerController      : start fetching Customer profile details in CustomerController for customer ID : 2
2022-06-24 11:07:51.339  INFO 24368 --- [http-nio-8099-exec-1] c.j.a.service.impl.CustomerServiceImpl   : start fetching customer profile details for customer ID : 2
2022-06-24 11:07:51.350  INFO 24368 --- [http-nio-8099-exec-1] c.j.a.service.impl.CustomerServiceImpl   : end fetching customer profile details for customer ID : 2
2022-06-24 11:07:51.351  INFO 24368 --- [http-nio-8099-exec-1] c.j.a.controller.CustomerController      : end fetching Customer profile details in CustomerController for customer ID : 2
2022-06-24 11:07:54.234  INFO 24368 --- [http-nio-8099-exec-2] c.j.a.controller.AccountController       : start fetching account profile details in Account Controller for customer ID : 2
2022-06-24 11:07:54.234  INFO 24368 --- [http-nio-8099-exec-2] c.j.a.service.impl.CustomerServiceImpl   : start fetching account profile details for customer ID : 2
2022-06-24 11:07:54.238  INFO 24368 --- [http-nio-8099-exec-2] c.j.a.service.impl.CustomerServiceImpl   : end fetching account profile details for customer ID : 2
2022-06-24 11:07:54.238  INFO 24368 --- [http-nio-8099-exec-2] c.j.a.controller.AccountController       : end fetching account profile details in Account Controller for customer ID : 2
2022-06-24 11:46:30.289  INFO 24368 --- [RMI TCP Connection(2)-127.0.0.1] inMXBeanRegistrar$SpringApplicationAdmin : Application shutdown requested.
2022-06-24 11:46:38.817  INFO 14488 --- [main] com.javademo.account.AccountApplication  : Starting AccountApplication using Java 1.8.0_241 on 105248-005L with PID 14488 (D:\Dilan\Microservices\bank-details-service\target\classes started by Dilan_105248 in D:\Dilan\Microservices\bank-details-service)
2022-06-24 11:46:38.821  INFO 14488 --- [main] com.javademo.account.AccountApplication  : No active profile set, falling back to 1 default profile: "default"
2022-06-24 11:46:39.398  INFO 14488 --- [main] o.s.b.w.embedded.tomcat.TomcatWebServer  : Tomcat initialized with port(s): 8099 (http)
2022-06-24 11:46:39.402  INFO 14488 --- [main] o.apache.catalina.core.StandardService   : Starting service [Tomcat]
2022-06-24 11:46:39.404  INFO 14488 --- [main] org.apache.catalina.core.StandardEngine  : Starting Servlet engine: [Apache Tomcat/9.0.63]
2022-06-24 11:46:39.522  INFO 14488 --- [main] o.a.c.c.C.[Tomcat].[localhost].[/]       : Initializing Spring embedded WebApplicationContext
2022-06-24 11:46:39.522  INFO 14488 --- [main] w.s.c.ServletWebServerApplicationContext : Root WebApplicationContext: initialization completed in 674 ms
2022-06-24 11:46:39.751  INFO 14488 --- [main] o.s.b.w.embedded.tomcat.TomcatWebServer  : Tomcat started on port(s): 8099 (http) with context path ''
2022-06-24 11:46:39.757  INFO 14488 --- [main] com.javademo.account.AccountApplication  : Started AccountApplication in 1.228 seconds (JVM running for 2.345)
2022-06-24 11:46:53.210  INFO 14488 --- [http-nio-8099-exec-1] o.a.c.c.C.[Tomcat].[localhost].[/]       : Initializing Spring DispatcherServlet 'dispatcherServlet'
2022-06-24 11:46:53.211  INFO 14488 --- [http-nio-8099-exec-1] o.s.web.servlet.DispatcherServlet        : Initializing Servlet 'dispatcherServlet'
2022-06-24 11:46:53.212  INFO 14488 --- [http-nio-8099-exec-1] o.s.web.servlet.DispatcherServlet        : Completed initialization in 1 ms
2022-06-24 11:46:53.314  INFO 14488 --- [http-nio-8099-exec-1] c.j.a.controller.AccountController       : start fetching account profile details in Account Controller for customer ID : 2
2022-06-24 11:46:53.316  INFO 14488 --- [http-nio-8099-exec-1] c.j.a.service.impl.CustomerServiceImpl   : start fetching account profile details for customer ID : 2
2022-06-24 11:46:53.331  INFO 14488 --- [http-nio-8099-exec-1] c.j.a.service.impl.CustomerServiceImpl   : end fetching account profile details for customer ID : 2
2022-06-24 11:46:53.335  INFO 14488 --- [http-nio-8099-exec-1] c.j.a.controller.AccountController       : end fetching account profile details in Account Controller for customer ID : 2
2022-06-24 11:47:05.241  INFO 14488 --- [http-nio-8099-exec-2] c.j.a.controller.AccountController       : start fetching account profile details in Account Controller for customer ID : 2
2022-06-24 11:47:05.241  INFO 14488 --- [http-nio-8099-exec-2] c.j.a.service.impl.CustomerServiceImpl   : start fetching account profile details for customer ID : 2
2022-06-24 11:47:05.241  INFO 14488 --- [http-nio-8099-exec-2] c.j.a.service.impl.CustomerServiceImpl   : end fetching account profile details for customer ID : 2
2022-06-24 11:47:05.241  INFO 14488 --- [http-nio-8099-exec-2] c.j.a.controller.AccountController       : end fetching account profile details in Account Controller for customer ID : 2
2022-06-24 11:48:54.941  INFO 14488 --- [RMI TCP Connection(2)-127.0.0.1] inMXBeanRegistrar$SpringApplicationAdmin : Application shutdown requested.
2022-06-24 11:49:04.329  INFO 12316 --- [main] com.javademo.account.AccountApplication  : Starting AccountApplication using Java 1.8.0_241 on 105248-005L with PID 12316 (D:\Dilan\Microservices\bank-details-service\target\classes started by Dilan_105248 in D:\Dilan\Microservices\bank-details-service)
2022-06-24 11:49:04.331  INFO 12316 --- [main] com.javademo.account.AccountApplication  : No active profile set, falling back to 1 default profile: "default"
2022-06-24 11:49:04.979  INFO 12316 --- [main] o.s.b.w.embedded.tomcat.TomcatWebServer  : Tomcat initialized with port(s): 8099 (http)
2022-06-24 11:49:04.985  INFO 12316 --- [main] o.apache.catalina.core.StandardService   : Starting service [Tomcat]
2022-06-24 11:49:04.986  INFO 12316 --- [main] org.apache.catalina.core.StandardEngine  : Starting Servlet engine: [Apache Tomcat/9.0.63]
2022-06-24 11:49:05.101  INFO 12316 --- [main] o.a.c.c.C.[Tomcat].[localhost].[/]       : Initializing Spring embedded WebApplicationContext
2022-06-24 11:49:05.102  INFO 12316 --- [main] w.s.c.ServletWebServerApplicationContext : Root WebApplicationContext: initialization completed in 743 ms
2022-06-24 11:49:05.326  INFO 12316 --- [main] o.s.b.w.embedded.tomcat.TomcatWebServer  : Tomcat started on port(s): 8099 (http) with context path ''
2022-06-24 11:49:05.334  INFO 12316 --- [main] com.javademo.account.AccountApplication  : Started AccountApplication in 1.248 seconds (JVM running for 2.392)
2022-06-24 11:49:12.136  INFO 12316 --- [http-nio-8099-exec-1] o.a.c.c.C.[Tomcat].[localhost].[/]       : Initializing Spring DispatcherServlet 'dispatcherServlet'
2022-06-24 11:49:12.136  INFO 12316 --- [http-nio-8099-exec-1] o.s.web.servlet.DispatcherServlet        : Initializing Servlet 'dispatcherServlet'
2022-06-24 11:49:12.137  INFO 12316 --- [http-nio-8099-exec-1] o.s.web.servlet.DispatcherServlet        : Completed initialization in 1 ms
2022-06-24 11:49:12.206  INFO 12316 --- [http-nio-8099-exec-1] c.j.a.controller.AccountController       : start fetching account profile details in Account Controller for customer ID : 2
2022-06-24 11:49:12.207  INFO 12316 --- [http-nio-8099-exec-1] c.j.a.service.impl.CustomerServiceImpl   : start fetching account profile details for customer ID : 2
2022-06-24 11:49:12.216  INFO 12316 --- [http-nio-8099-exec-1] c.j.a.service.impl.CustomerServiceImpl   : end fetching account profile details for customer ID : 2
2022-06-24 11:49:12.218  INFO 12316 --- [http-nio-8099-exec-1] c.j.a.controller.AccountController       : end fetching account profile details in Account Controller for customer ID : 2
2022-06-24 11:49:16.267  INFO 12316 --- [http-nio-8099-exec-2] c.j.a.controller.CustomerController      : start fetching Customer profile details in CustomerController for customer ID : 2
2022-06-24 11:49:16.267  INFO 12316 --- [http-nio-8099-exec-2] c.j.a.service.impl.CustomerServiceImpl   : start fetching customer profile details for customer ID : 2
2022-06-24 11:49:16.272  INFO 12316 --- [http-nio-8099-exec-2] c.j.a.service.impl.CustomerServiceImpl   : end fetching customer profile details for customer ID : 2
2022-06-24 11:49:16.272  INFO 12316 --- [http-nio-8099-exec-2] c.j.a.controller.CustomerController      : end fetching Customer profile details in CustomerController for customer ID : 2
2022-06-24 12:08:40.264  INFO 12316 --- [RMI TCP Connection(2)-127.0.0.1] inMXBeanRegistrar$SpringApplicationAdmin : Application shutdown requested.
